<?xml version="1.0" encoding="UTF-8"?>
<!-- Generated by org.testng.reporters.JUnitReportReporter -->
<testsuite hostname="DESKTOP-SKMHA9M" failures="0" tests="3" name="com.phase2.testng.TestNgStandardAnnotationTest" time="0.047" errors="0" timestamp="2023-12-18T16:38:45 IST" skipped="1">
  <testcase classname="com.phase2.testng.TestNgStandardAnnotationTest" name="testTwo" time="0.011"/>
  <testcase classname="com.phase2.testng.TestNgStandardAnnotationTest" name="testOne" time="0.036"/>
  <testcase classname="com.phase2.testng.TestNgStandardAnnotationTest" name="testThree">
    <skipped/>
  </testcase> <!-- testThree -->
</testsuite> <!-- com.phase2.testng.TestNgStandardAnnotationTest -->
