<?xml version="1.0" encoding="UTF-8"?>
<!-- Generated by org.testng.reporters.JUnitReportReporter -->
<testsuite hostname="DESKTOP-SKMHA9M" failures="0" tests="3" name="com.phase2.testng.AssertionTest" time="0.027" errors="0" timestamp="2023-12-18T16:38:45 IST" skipped="0">
  <testcase classname="com.phase2.testng.AssertionTest" name="softAssertTest" time="0.027"/>
  <testcase classname="com.phase2.testng.AssertionTest" name="hardAssertTest" time="0.000"/>
  <testcase classname="com.phase2.testng.AssertionTest" name="testAsserts" time="0.000"/>
</testsuite> <!-- com.phase2.testng.AssertionTest -->
