<?xml version="1.0" encoding="UTF-8"?>
<!-- Generated by org.testng.reporters.JUnitReportReporter -->
<testsuite hostname="DESKTOP-SKMHA9M" failures="0" tests="2" name="com.phase2.testng.amazon.AmazonLinkVerificationCssSelectorTest" time="147.814" errors="0" timestamp="2023-12-18T16:38:45 IST" skipped="0">
  <testcase classname="com.phase2.testng.amazon.AmazonLinkVerificationCssSelectorTest" name="tdLinkTest1" time="61.492"/>
  <testcase classname="com.phase2.testng.amazon.AmazonLinkVerificationCssSelectorTest" name="tdLinkTest2" time="86.322"/>
</testsuite> <!-- com.phase2.testng.amazon.AmazonLinkVerificationCssSelectorTest -->
