<?xml version="1.0" encoding="UTF-8"?>
<!-- Generated by org.testng.reporters.JUnitReportReporter -->
<testsuite hostname="DESKTOP-SKMHA9M" failures="0" tests="2" name="com.phase2.testng.amazon.AmazonLinkVerificationTest" time="136.305" errors="0" timestamp="2023-12-18T16:38:45 IST" skipped="0">
  <testcase classname="com.phase2.testng.amazon.AmazonLinkVerificationTest" name="linkTest1" time="68.063"/>
  <testcase classname="com.phase2.testng.amazon.AmazonLinkVerificationTest" name="linkTest2" time="68.242"/>
</testsuite> <!-- com.phase2.testng.amazon.AmazonLinkVerificationTest -->
