<?xml version="1.0" encoding="UTF-8"?>
<!-- Generated by org.testng.reporters.JUnitReportReporter -->
<testsuite hostname="DESKTOP-SKMHA9M" failures="0" tests="3" name="com.phase2.testng.amazon.AmazonHomepageTest" time="140.505" errors="0" timestamp="2023-12-18T16:38:45 IST" skipped="0">
  <testcase classname="com.phase2.testng.amazon.AmazonHomepageTest" name="testAmazonHomePageTitle2" time="46.346"/>
  <testcase classname="com.phase2.testng.amazon.AmazonHomepageTest" name="testAmazonHomePageSourceUrl" time="50.245"/>
  <testcase classname="com.phase2.testng.amazon.AmazonHomepageTest" name="testAmazonHomePageTitle" time="43.914"/>
</testsuite> <!-- com.phase2.testng.amazon.AmazonHomepageTest -->
